<?xml version="1.0" encoding="UTF-8"?>
<!-- Generated by org.testng.reporters.JUnitReportReporter -->
<testsuite hostname="Mathi" failures="0" tests="7" name="TestScript.PriorityTest" time="27.653" errors="0" timestamp="2024-04-25T16:15:07 IST" skipped="0">
  <testcase classname="TestScript.PriorityTest" name="register" time="5.854"/>
  <testcase classname="TestScript.PriorityTest" name="register" time="5.898"/>
  <testcase classname="TestScript.PriorityTest" name="register" time="3.762"/>
  <testcase classname="TestScript.PriorityTest" name="login" time="1.201"/>
  <testcase classname="TestScript.PriorityTest" name="register" time="5.844"/>
  <testcase classname="TestScript.PriorityTest" name="register" time="3.771"/>
  <testcase classname="TestScript.PriorityTest" name="AddToCart" time="1.323"/>
</testsuite> <!-- TestScript.PriorityTest -->
